<?xml version="1.0" encoding="UTF-8"?>
<!-- Generated by org.testng.reporters.JUnitReportReporter -->
<testsuite skipped="0" hostname="DESKTOP-SLUED5U" name="myStore.CreateAccount" tests="3" failures="0" timestamp="21 Mar 2019 15:33:26 GMT" time="10.597" errors="0">
  <testcase name="navigateCreateAccount" time="1.831" classname="myStore.CreateAccount"/>
  <testcase name="verifyMyAddress" time="2.411" classname="myStore.CreateAccount"/>
  <testcase name="setupNewAcount" time="6.355" classname="myStore.CreateAccount"/>
</testsuite> <!-- myStore.CreateAccount -->
