<?xml version="1.0" encoding="UTF-8"?>
<!-- Generated by org.testng.reporters.JUnitReportReporter -->
<testsuite skipped="0" hostname="DESKTOP-SLUED5U" name="myStore.DemoExcel" tests="1" failures="0" timestamp="22 Mar 2019 00:02:47 GMT" time="1.445" errors="0">
  <testcase name="Practice" time="1.445" classname="myStore.DemoExcel"/>
</testsuite> <!-- myStore.DemoExcel -->
