<?xml version="1.0" encoding="UTF-8"?>
<!-- Generated by org.testng.reporters.JUnitReportReporter -->
<testsuite skipped="0" hostname="DESKTOP-SLUED5U" name="myStore.Purchase" tests="3" failures="0" timestamp="25 Mar 2019 21:39:34 GMT" time="20.907" errors="0">
  <testcase name="navigateMyAccount" time="4.859" classname="myStore.Purchase"/>
  <testcase name="selectFirstProduct" time="5.568" classname="myStore.Purchase"/>
  <testcase name="selectSecondProduct" time="10.480" classname="myStore.Purchase"/>
</testsuite> <!-- myStore.Purchase -->
