<?xml version="1.0" encoding="UTF-8"?>
<!-- Generated by org.testng.reporters.JUnitReportReporter -->
<testsuite skipped="0" hostname="DESKTOP-SLUED5U" name="WorkWithExcel" tests="1" failures="0" timestamp="17 May 2019 17:45:00 GMT" time="1.403" errors="0">
  <testcase name="testExcel" time="1.403" classname="WorkWithExcel"/>
</testsuite> <!-- WorkWithExcel -->
