<?xml version="1.0" encoding="UTF-8"?>
<!-- Generated by org.testng.reporters.JUnitReportReporter -->
<testsuite hostname="Luda-PC" failures="0" tests="1" name="cucumberOptions.CreateAccountTestRunner" time="30.368" errors="0" timestamp="23 Jan 2019 15:33:35 GMT" skipped="0">
  <testcase classname="cucumberOptions.CreateAccountTestRunner" name="feature" time="30.368"/>
</testsuite> <!-- cucumberOptions.CreateAccountTestRunner -->
