<?xml version="1.0" encoding="UTF-8"?>
<!-- Generated by org.testng.reporters.JUnitReportReporter -->
<testsuite skipped="0" hostname="DESKTOP-SLUED5U" name="WriteTableToExcel" tests="1" failures="0" timestamp="17 May 2019 19:49:32 GMT" time="13.642" errors="0">
  <testcase name="writeHTMLTableToExcel" time="13.642" classname="WriteTableToExcel"/>
</testsuite> <!-- WriteTableToExcel -->
