<?xml version="1.0" encoding="UTF-8"?>
<!-- Generated by org.testng.reporters.JUnitReportReporter -->
<testsuite skipped="0" hostname="DESKTOP-SLUED5U" name="myStore.CreateAccount" tests="3" failures="0" timestamp="19 Mar 2019 20:05:57 GMT" time="11.930" errors="0">
  <testcase name="setupNewAcount" time="6.876" classname="myStore.CreateAccount"/>
  <testcase name="verifyMyAddress" time="3.225" classname="myStore.CreateAccount"/>
  <testcase name="navigateCreateAccount" time="1.829" classname="myStore.CreateAccount"/>
</testsuite> <!-- myStore.CreateAccount -->
