<?xml version="1.0" encoding="UTF-8"?>
<!-- Generated by org.testng.reporters.JUnitReportReporter -->
<testsuite skipped="0" hostname="DESKTOP-SLUED5U" name="myStore.Purchase" tests="3" failures="0" timestamp="19 Mar 2019 20:05:57 GMT" time="19.896" errors="0">
  <testcase name="navigateMyAccount" time="4.602" classname="myStore.Purchase"/>
  <testcase name="selectFirstProduct" time="5.199" classname="myStore.Purchase"/>
  <testcase name="selectSecondProduct" time="10.095" classname="myStore.Purchase"/>
</testsuite> <!-- myStore.Purchase -->
